#
# There is insufficient memory for the Java Runtime Environment to continue.
# Native memory allocation (malloc) failed to allocate 1682480 bytes for Chunk::new
# Possible reasons:
#   The system is out of physical RAM or swap space
#   The process is running with CompressedOops enabled, and the Java Heap may be blocking the growth of the native heap
# Possible solutions:
#   Reduce memory load on the system
#   Increase physical memory or swap space
#   Check if swap backing store is full
#   Decrease Java heap size (-Xmx/-Xms)
#   Decrease number of Java threads
#   Decrease Java thread stack sizes (-Xss)
#   Set larger code cache with -XX:ReservedCodeCacheSize=
#   JVM is running with Unscaled Compressed Oops mode in which the Java heap is
#     placed in the first 4GB address space. The Java Heap base address is the
#     maximum limit for the native heap growth. Please use -XX:HeapBaseMinAddress
#     to set the Java Heap base and to place the Java Heap above 4GB virtual address.
# This output file may be truncated or incomplete.
#
#  Out of Memory Error (allocation.cpp:389), pid=10096, tid=0x00000000000019b4
#
# JRE version: OpenJDK Runtime Environment (8.0_202-b03) (build 1.8.0_202-release-1483-b03)
# Java VM: OpenJDK 64-Bit Server VM (25.202-b03 mixed mode windows-amd64 compressed oops)
# Failed to write core dump. Minidumps are not enabled by default on client versions of Windows
#

---------------  T H R E A D  ---------------

Current thread (0x0000000017c0e000):  JavaThread "C2 CompilerThread0" daemon [_thread_in_native, id=6580, stack(0x0000000019260000,0x0000000019360000)]

Stack: [0x0000000019260000,0x0000000019360000]
[error occurred during error reporting (printing stack bounds), id 0xc0000005]

Native frames: (J=compiled Java code, j=interpreted, Vv=VM code, C=native code)


Current CompileTask:
C2:   3669 1787       4       java.net.URLClassLoader$1::run (5 bytes)


---------------  P R O C E S S  ---------------

Java Threads: ( => current thread )
  0x0000000019591000 JavaThread "Service Thread" daemon [_thread_blocked, id=1940, stack(0x0000000019960000,0x0000000019a60000)]
  0x0000000017c36000 JavaThread "C1 CompilerThread2" daemon [_thread_blocked, id=2428, stack(0x0000000019460000,0x0000000019560000)]
  0x0000000017c11000 JavaThread "C2 CompilerThread1" daemon [_thread_blocked, id=7632, stack(0x0000000019360000,0x0000000019460000)]
=>0x0000000017c0e000 JavaThread "C2 CompilerThread0" daemon [_thread_in_native, id=6580, stack(0x0000000019260000,0x0000000019360000)]
  0x0000000017c0d000 JavaThread "Attach Listener" daemon [_thread_blocked, id=1308, stack(0x0000000019160000,0x0000000019260000)]
  0x0000000017c0c000 JavaThread "Signal Dispatcher" daemon [_thread_blocked, id=9616, stack(0x0000000019060000,0x0000000019160000)]
  0x0000000017bef000 JavaThread "Finalizer" daemon [_thread_blocked, id=420, stack(0x0000000018e50000,0x0000000018f50000)]
  0x00000000030d5800 JavaThread "Reference Handler" daemon [_thread_blocked, id=9764, stack(0x0000000018d50000,0x0000000018e50000)]
  0x0000000002fe5800 JavaThread "main" [_thread_in_Java, id=4956, stack(0x0000000002ee0000,0x0000000002fe0000)]

Other Threads:
  0x0000000017bc5800 VMThread [stack: 0x0000000018c50000,0x0000000018d50000] [id=4224]
  0x0000000017c5c800 WatcherThread [stack: 0x0000000019a60000,0x0000000019b60000] [id=6460]

VM state:not at safepoint (normal execution)

VM Mutex/Monitor currently owned by a thread: None

heap address: 0x0000000081e00000, size: 2018 MB, Compressed Oops mode: 32-bit
Narrow klass base: 0x0000000000000000, Narrow klass shift: 3
Compressed class space size: 1073741824 Address: 0x0000000100000000

Heap:
 PSYoungGen      total 38400K, used 30027K [0x00000000d5f80000, 0x00000000d8a00000, 0x0000000100000000)
  eden space 33280K, 90% used [0x00000000d5f80000,0x00000000d7cd2cd8,0x00000000d8000000)
  from space 5120K, 0% used [0x00000000d8000000,0x00000000d8000000,0x00000000d8500000)
  to   space 5120K, 0% used [0x00000000d8500000,0x00000000d8500000,0x00000000d8a00000)
 ParOldGen       total 66560K, used 8352K [0x0000000081e00000, 0x0000000085f00000, 0x00000000d5f80000)
  object space 66560K, 12% used [0x0000000081e00000,0x0000000082628320,0x0000000085f00000)
 Metaspace       used 24063K, capacity 24528K, committed 24576K, reserved 1071104K
  class space    used 2885K, capacity 3059K, committed 3072K, reserved 1048576K

Card table byte_map: [0x00000000124a0000,0x00000000128a0000] byte_map_base: 0x0000000012091000

Marking Bits: (ParMarkBitMap*) 0x000000005bbb9f30
 Begin Bits: [0x0000000012f50000, 0x0000000014ed8000)
 End Bits:   [0x0000000014ed8000, 0x0000000016e60000)

Polling page: 0x0000000001000000

CodeCache: size=245760Kb used=5682Kb max_used=5682Kb free=240077Kb
 bounds [0x00000000030e0000, 0x0000000003680000, 0x00000000120e0000]
 total_blobs=2288 nmethods=1879 adapters=322
 compilation: enabled

Compilation events (10 events):
Event: 3.617 Thread 0x0000000017c36000 1876       3       kotlin.Triple::<init> (20 bytes)
Event: 3.617 Thread 0x0000000017c36000 nmethod 1876 0x0000000003670250 code [0x00000000036703a0, 0x0000000003670590]
Event: 3.617 Thread 0x0000000017c36000 1877       1       org.jetbrains.kotlin.metadata.ProtoBuf$QualifiedNameTable$QualifiedName::getShortName (5 bytes)
Event: 3.617 Thread 0x0000000017c36000 nmethod 1877 0x0000000003670650 code [0x00000000036707a0, 0x00000000036708b0]
Event: 3.617 Thread 0x0000000017c36000 1878       1       org.jetbrains.kotlin.metadata.ProtoBuf$QualifiedNameTable$QualifiedName::getKind (5 bytes)
Event: 3.617 Thread 0x0000000017c36000 nmethod 1878 0x0000000003670910 code [0x0000000003670a60, 0x0000000003670b70]
Event: 3.617 Thread 0x0000000017c36000 1879       1       org.jetbrains.kotlin.metadata.ProtoBuf$QualifiedNameTable$QualifiedName::getParentQualifiedName (5 bytes)
Event: 3.618 Thread 0x0000000017c36000 nmethod 1879 0x0000000003670bd0 code [0x0000000003670d20, 0x0000000003670e30]
Event: 3.621 Thread 0x0000000017c36000 1880       3       java.nio.charset.Charset::atBugLevel (44 bytes)
Event: 3.621 Thread 0x0000000017c36000 nmethod 1880 0x0000000003670e90 code [0x0000000003671040, 0x00000000036715d8]

GC Heap History (8 events):
Event: 0.818 GC heap before
{Heap before GC invocations=1 (full 0):
 PSYoungGen      total 38400K, used 33280K [0x00000000d5f80000, 0x00000000d8a00000, 0x0000000100000000)
  eden space 33280K, 100% used [0x00000000d5f80000,0x00000000d8000000,0x00000000d8000000)
  from space 5120K, 0% used [0x00000000d8500000,0x00000000d8500000,0x00000000d8a00000)
  to   space 5120K, 0% used [0x00000000d8000000,0x00000000d8000000,0x00000000d8500000)
 ParOldGen       total 87552K, used 0K [0x0000000081e00000, 0x0000000087380000, 0x00000000d5f80000)
  object space 87552K, 0% used [0x0000000081e00000,0x0000000081e00000,0x0000000087380000)
 Metaspace       used 10034K, capacity 10288K, committed 10496K, reserved 1058816K
  class space    used 1107K, capacity 1182K, committed 1280K, reserved 1048576K
Event: 0.826 GC heap after
Heap after GC invocations=1 (full 0):
 PSYoungGen      total 38400K, used 5098K [0x00000000d5f80000, 0x00000000d8a00000, 0x0000000100000000)
  eden space 33280K, 0% used [0x00000000d5f80000,0x00000000d5f80000,0x00000000d8000000)
  from space 5120K, 99% used [0x00000000d8000000,0x00000000d84fab58,0x00000000d8500000)
  to   space 5120K, 0% used [0x00000000d8500000,0x00000000d8500000,0x00000000d8a00000)
 ParOldGen       total 87552K, used 2677K [0x0000000081e00000, 0x0000000087380000, 0x00000000d5f80000)
  object space 87552K, 3% used [0x0000000081e00000,0x000000008209d5c0,0x0000000087380000)
 Metaspace       used 10034K, capacity 10288K, committed 10496K, reserved 1058816K
  class space    used 1107K, capacity 1182K, committed 1280K, reserved 1048576K
}
Event: 1.625 GC heap before
{Heap before GC invocations=2 (full 0):
 PSYoungGen      total 38400K, used 38314K [0x00000000d5f80000, 0x00000000d8a00000, 0x0000000100000000)
  eden space 33280K, 99% used [0x00000000d5f80000,0x00000000d7fefdf0,0x00000000d8000000)
  from space 5120K, 99% used [0x00000000d8000000,0x00000000d84fab58,0x00000000d8500000)
  to   space 5120K, 0% used [0x00000000d8500000,0x00000000d8500000,0x00000000d8a00000)
 ParOldGen       total 87552K, used 2677K [0x0000000081e00000, 0x0000000087380000, 0x00000000d5f80000)
  object space 87552K, 3% used [0x0000000081e00000,0x000000008209d5c0,0x0000000087380000)
 Metaspace       used 16308K, capacity 16648K, committed 16896K, reserved 1064960K
  class space    used 1914K, capacity 2022K, committed 2048K, reserved 1048576K
Event: 1.646 GC heap after
Heap after GC invocations=2 (full 0):
 PSYoungGen      total 38400K, used 5105K [0x00000000d5f80000, 0x00000000d8a00000, 0x0000000100000000)
  eden space 33280K, 0% used [0x00000000d5f80000,0x00000000d5f80000,0x00000000d8000000)
  from space 5120K, 99% used [0x00000000d8500000,0x00000000d89fc6f8,0x00000000d8a00000)
  to   space 5120K, 0% used [0x00000000d8000000,0x00000000d8000000,0x00000000d8500000)
 ParOldGen       total 87552K, used 7704K [0x0000000081e00000, 0x0000000087380000, 0x00000000d5f80000)
  object space 87552K, 8% used [0x0000000081e00000,0x0000000082586340,0x0000000087380000)
 Metaspace       used 16308K, capacity 16648K, committed 16896K, reserved 1064960K
  class space    used 1914K, capacity 2022K, committed 2048K, reserved 1048576K
}
Event: 2.279 GC heap before
{Heap before GC invocations=3 (full 0):
 PSYoungGen      total 38400K, used 19954K [0x00000000d5f80000, 0x00000000d8a00000, 0x0000000100000000)
  eden space 33280K, 44% used [0x00000000d5f80000,0x00000000d6e002b0,0x00000000d8000000)
  from space 5120K, 99% used [0x00000000d8500000,0x00000000d89fc6f8,0x00000000d8a00000)
  to   space 5120K, 0% used [0x00000000d8000000,0x00000000d8000000,0x00000000d8500000)
 ParOldGen       total 87552K, used 7704K [0x0000000081e00000, 0x0000000087380000, 0x00000000d5f80000)
  object space 87552K, 8% used [0x0000000081e00000,0x0000000082586340,0x0000000087380000)
 Metaspace       used 20764K, capacity 21122K, committed 21296K, reserved 1069056K
  class space    used 2460K, capacity 2598K, committed 2688K, reserved 1048576K
Event: 2.299 GC heap after
Heap after GC invocations=3 (full 0):
 PSYoungGen      total 38400K, used 5092K [0x00000000d5f80000, 0x00000000d8a00000, 0x0000000100000000)
  eden space 33280K, 0% used [0x00000000d5f80000,0x00000000d5f80000,0x00000000d8000000)
  from space 5120K, 99% used [0x00000000d8000000,0x00000000d84f9030,0x00000000d8500000)
  to   space 5120K, 0% used [0x00000000d8500000,0x00000000d8500000,0x00000000d8a00000)
 ParOldGen       total 87552K, used 11090K [0x0000000081e00000, 0x0000000087380000, 0x00000000d5f80000)
  object space 87552K, 12% used [0x0000000081e00000,0x00000000828d49a8,0x0000000087380000)
 Metaspace       used 20764K, capacity 21122K, committed 21296K, reserved 1069056K
  class space    used 2460K, capacity 2598K, committed 2688K, reserved 1048576K
}
Event: 2.299 GC heap before
{Heap before GC invocations=4 (full 1):
 PSYoungGen      total 38400K, used 5092K [0x00000000d5f80000, 0x00000000d8a00000, 0x0000000100000000)
  eden space 33280K, 0% used [0x00000000d5f80000,0x00000000d5f80000,0x00000000d8000000)
  from space 5120K, 99% used [0x00000000d8000000,0x00000000d84f9030,0x00000000d8500000)
  to   space 5120K, 0% used [0x00000000d8500000,0x00000000d8500000,0x00000000d8a00000)
 ParOldGen       total 87552K, used 11090K [0x0000000081e00000, 0x0000000087380000, 0x00000000d5f80000)
  object space 87552K, 12% used [0x0000000081e00000,0x00000000828d49a8,0x0000000087380000)
 Metaspace       used 20764K, capacity 21122K, committed 21296K, reserved 1069056K
  class space    used 2460K, capacity 2598K, committed 2688K, reserved 1048576K
Event: 2.368 GC heap after
Heap after GC invocations=4 (full 1):
 PSYoungGen      total 38400K, used 0K [0x00000000d5f80000, 0x00000000d8a00000, 0x0000000100000000)
  eden space 33280K, 0% used [0x00000000d5f80000,0x00000000d5f80000,0x00000000d8000000)
  from space 5120K, 0% used [0x00000000d8000000,0x00000000d8000000,0x00000000d8500000)
  to   space 5120K, 0% used [0x00000000d8500000,0x00000000d8500000,0x00000000d8a00000)
 ParOldGen       total 66560K, used 8352K [0x0000000081e00000, 0x0000000085f00000, 0x00000000d5f80000)
  object space 66560K, 12% used [0x0000000081e00000,0x0000000082628320,0x0000000085f00000)
 Metaspace       used 20764K, capacity 21122K, committed 21296K, reserved 1069056K
  class space    used 2460K, capacity 2598K, committed 2688K, reserved 1048576K
}

Deoptimization events (10 events):
Event: 2.522 Thread 0x0000000002fe5800 Uncommon trap: reason=unstable_if action=reinterpret pc=0x000000000345e1e4 method=java.lang.String.<init>([CII)V @ 18
Event: 2.632 Thread 0x0000000002fe5800 Uncommon trap: reason=unstable_if action=reinterpret pc=0x00000000035e3a60 method=java.util.zip.ZipEntry.setExtra0([BZ)V @ 279
Event: 3.016 Thread 0x0000000002fe5800 Uncommon trap: reason=bimorphic action=maybe_recompile pc=0x000000000360021c method=gnu.trove.TObjectHash.computeHashCode(Ljava/lang/Object;)I @ 5
Event: 3.016 Thread 0x0000000002fe5800 Uncommon trap: reason=bimorphic action=maybe_recompile pc=0x000000000360021c method=gnu.trove.TObjectHash.computeHashCode(Ljava/lang/Object;)I @ 5
Event: 3.017 Thread 0x0000000002fe5800 Uncommon trap: reason=bimorphic action=maybe_recompile pc=0x000000000360021c method=gnu.trove.TObjectHash.computeHashCode(Ljava/lang/Object;)I @ 5
Event: 3.017 Thread 0x0000000002fe5800 Uncommon trap: reason=bimorphic action=maybe_recompile pc=0x000000000360021c method=gnu.trove.TObjectHash.computeHashCode(Ljava/lang/Object;)I @ 5
Event: 3.018 Thread 0x0000000002fe5800 Uncommon trap: reason=class_check action=maybe_recompile pc=0x00000000035f7288 method=gnu.trove.TObjectHash.equals(Ljava/lang/Object;Ljava/lang/Object;)Z @ 6
Event: 3.018 Thread 0x0000000002fe5800 Uncommon trap: reason=class_check action=maybe_recompile pc=0x00000000035f7288 method=gnu.trove.TObjectHash.equals(Ljava/lang/Object;Ljava/lang/Object;)Z @ 6
Event: 3.018 Thread 0x0000000002fe5800 Uncommon trap: reason=class_check action=maybe_recompile pc=0x00000000035f7288 method=gnu.trove.TObjectHash.equals(Ljava/lang/Object;Ljava/lang/Object;)Z @ 6
Event: 3.605 Thread 0x0000000002fe5800 Uncommon trap: reason=unstable_if action=reinterpret pc=0x0000000003650b08 method=org.jetbrains.kotlin.protobuf.CodedInputStream.readRawVarint32()I @ 10

Classes redefined (0 events):
No events

Internal exceptions (10 events):
Event: 0.533 Thread 0x0000000002fe5800 Exception <a 'java/security/PrivilegedActionException'> (0x00000000d706e798) thrown at [D:\src\AOSP-openjdk-cygwin\jdk8u\hotspot\src\share\vm\prims\jvm.cpp, line 1508]
Event: 0.533 Thread 0x0000000002fe5800 Exception <a 'java/security/PrivilegedActionException'> (0x00000000d706ed78) thrown at [D:\src\AOSP-openjdk-cygwin\jdk8u\hotspot\src\share\vm\prims\jvm.cpp, line 1508]
Event: 0.706 Thread 0x0000000002fe5800 Exception <a 'java/lang/ArrayIndexOutOfBoundsException'> (0x00000000d79d58c0) thrown at [D:\src\AOSP-openjdk-cygwin\jdk8u\hotspot\src\share\vm\runtime\sharedRuntime.cpp, line 605]
Event: 0.897 Thread 0x0000000002fe5800 Exception <a 'java/lang/ArrayIndexOutOfBoundsException'> (0x00000000d634e7a0) thrown at [D:\src\AOSP-openjdk-cygwin\jdk8u\hotspot\src\share\vm\runtime\sharedRuntime.cpp, line 605]
Event: 1.472 Thread 0x0000000002fe5800 Implicit null exception at 0x00000000033bd06f to 0x00000000033bd0d9
Event: 1.548 Thread 0x0000000002fe5800 Exception <a 'java/lang/NoSuchMethodError': java.lang.Object.lambda$comparing$77a9974f$1(Ljava/util/function/Function;Ljava/lang/Object;Ljava/lang/Object;)I> (0x00000000d7d7ca08) thrown at [D:\src\AOSP-openjdk-cygwin\jdk8u\hotspot\src\share\vm\interpreter
Event: 1.565 Thread 0x0000000002fe5800 Exception <a 'java/lang/NoSuchMethodError': java.lang.Object.lambda$static$0()J> (0x00000000d7e799f0) thrown at [D:\src\AOSP-openjdk-cygwin\jdk8u\hotspot\src\share\vm\interpreter\linkResolver.cpp, line 620]
Event: 2.006 Thread 0x0000000002fe5800 Exception <a 'java/lang/NoSuchMethodError': java.lang.Object.lambda$static$0(I)[Lorg/jetbrains/kotlin/com/intellij/openapi/editor/event/DocumentListener;> (0x00000000d65b6128) thrown at [D:\src\AOSP-openjdk-cygwin\jdk8u\hotspot\src\share\vm\interpreter\li
Event: 2.060 Thread 0x0000000002fe5800 Exception <a 'java/lang/NoSuchMethodError': java.lang.Object.lambda$static$0(I)[Lorg/jetbrains/kotlin/com/intellij/psi/PsiAnnotation;> (0x00000000d67d8358) thrown at [D:\src\AOSP-openjdk-cygwin\jdk8u\hotspot\src\share\vm\interpreter\linkResolver.cpp, line
Event: 2.231 Thread 0x0000000002fe5800 Exception <a 'java/lang/NoSuchMethodError': java.lang.Object.lambda$static$0(I)[Lorg/jetbrains/kotlin/com/intellij/psi/PsiElement;> (0x00000000d6cd2470) thrown at [D:\src\AOSP-openjdk-cygwin\jdk8u\hotspot\src\share\vm\interpreter\linkResolver.cpp, line 62

Events (10 events):
Event: 3.610 loading class org/jetbrains/kotlin/serialization/deserialization/ClassDataFinder
Event: 3.610 loading class org/jetbrains/kotlin/serialization/deserialization/ClassDataFinder done
Event: 3.610 loading class org/jetbrains/kotlin/serialization/deserialization/DeserializedPackageFragmentImpl$classDataFinder$1
Event: 3.610 loading class org/jetbrains/kotlin/serialization/deserialization/DeserializedPackageFragmentImpl$classDataFinder$1 done
Event: 3.611 loading class org/jetbrains/kotlin/serialization/deserialization/NameResolverUtilKt
Event: 3.611 loading class org/jetbrains/kotlin/serialization/deserialization/NameResolverUtilKt done
Event: 3.611 loading class org/jetbrains/kotlin/protobuf/Utf8
Event: 3.611 loading class org/jetbrains/kotlin/protobuf/Utf8 done
Event: 3.612 loading class org/jetbrains/kotlin/metadata/deserialization/NameResolverImpl$WhenMappings
Event: 3.612 loading class org/jetbrains/kotlin/metadata/deserialization/NameResolverImpl$WhenMappings done


Dynamic libraries:
0x00007ff64d9a0000 - 0x00007ff64d9d1000 	C:\Users\azotz\AppData\Local\JetBrains\Toolbox\apps\AndroidStudio\ch-0\191.5900203\jre\jre\bin\java.exe
0x00007ffdad920000 - 0x00007ffdadb10000 	C:\windows\SYSTEM32\ntdll.dll
0x00007ffdaca40000 - 0x00007ffdacaf2000 	C:\windows\System32\KERNEL32.DLL
0x00007ffdab3d0000 - 0x00007ffdab673000 	C:\windows\System32\KERNELBASE.dll
0x00007ffdad250000 - 0x00007ffdad2f3000 	C:\windows\System32\ADVAPI32.dll
0x00007ffdacf40000 - 0x00007ffdacfde000 	C:\windows\System32\msvcrt.dll
0x00007ffdacea0000 - 0x00007ffdacf37000 	C:\windows\System32\sechost.dll
0x00007ffdab9d0000 - 0x00007ffdabaf0000 	C:\windows\System32\RPCRT4.dll
0x00007ffdacd00000 - 0x00007ffdace93000 	C:\windows\System32\USER32.dll
0x00007ffdab980000 - 0x00007ffdab9a1000 	C:\windows\System32\win32u.dll
0x00007ffdaccd0000 - 0x00007ffdaccf6000 	C:\windows\System32\GDI32.dll
0x00007ffdaa900000 - 0x00007ffdaaa94000 	C:\windows\System32\gdi32full.dll
0x00007ffdaab20000 - 0x00007ffdaabbe000 	C:\windows\System32\msvcp_win.dll
0x00007ffdab680000 - 0x00007ffdab77a000 	C:\windows\System32\ucrtbase.dll
0x00007ffd92bb0000 - 0x00007ffd92e35000 	C:\windows\WinSxS\amd64_microsoft.windows.common-controls_6595b64144ccf1df_6.0.18362.388_none_e6c6afa5130d5b6d\COMCTL32.dll
0x00007ffdad590000 - 0x00007ffdad8c6000 	C:\windows\System32\combase.dll
0x00007ffdaaaa0000 - 0x00007ffdaab20000 	C:\windows\System32\bcryptPrimitives.dll
0x00007ffdac9b0000 - 0x00007ffdac9de000 	C:\windows\System32\IMM32.DLL
0x000000005c430000 - 0x000000005c502000 	C:\Users\azotz\AppData\Local\JetBrains\Toolbox\apps\AndroidStudio\ch-0\191.5900203\jre\jre\bin\msvcr100.dll
0x000000005b3f0000 - 0x000000005bc36000 	C:\Users\azotz\AppData\Local\JetBrains\Toolbox\apps\AndroidStudio\ch-0\191.5900203\jre\jre\bin\server\jvm.dll
0x00007ffdad8d0000 - 0x00007ffdad8d8000 	C:\windows\System32\PSAPI.DLL
0x00007ffd91030000 - 0x00007ffd91039000 	C:\windows\SYSTEM32\WSOCK32.dll
0x00007ffdad370000 - 0x00007ffdad3df000 	C:\windows\System32\WS2_32.dll
0x00007ffda83b0000 - 0x00007ffda83d4000 	C:\windows\SYSTEM32\WINMM.dll
0x00007ffd9ff10000 - 0x00007ffd9ff1a000 	C:\windows\SYSTEM32\VERSION.dll
0x00007ffda8380000 - 0x00007ffda83ad000 	C:\windows\SYSTEM32\WINMMBASE.dll
0x00007ffdaa8b0000 - 0x00007ffdaa8fa000 	C:\windows\System32\cfgmgr32.dll
0x00007ffda6d80000 - 0x00007ffda6d8f000 	C:\Users\azotz\AppData\Local\JetBrains\Toolbox\apps\AndroidStudio\ch-0\191.5900203\jre\jre\bin\verify.dll
0x00007ffd9e4c0000 - 0x00007ffd9e4e9000 	C:\Users\azotz\AppData\Local\JetBrains\Toolbox\apps\AndroidStudio\ch-0\191.5900203\jre\jre\bin\java.dll
0x00007ffd9e430000 - 0x00007ffd9e446000 	C:\Users\azotz\AppData\Local\JetBrains\Toolbox\apps\AndroidStudio\ch-0\191.5900203\jre\jre\bin\zip.dll
0x00007ffdabaf0000 - 0x00007ffdac1d5000 	C:\windows\System32\SHELL32.dll
0x00007ffdac670000 - 0x00007ffdac719000 	C:\windows\System32\shcore.dll
0x00007ffdaac50000 - 0x00007ffdab3cf000 	C:\windows\System32\windows.storage.dll
0x00007ffdaa850000 - 0x00007ffdaa86f000 	C:\windows\System32\profapi.dll
0x00007ffdaa800000 - 0x00007ffdaa84a000 	C:\windows\System32\powrprof.dll
0x00007ffdaa7f0000 - 0x00007ffdaa800000 	C:\windows\System32\UMPDC.dll
0x00007ffdad160000 - 0x00007ffdad1b2000 	C:\windows\System32\shlwapi.dll
0x00007ffdaa870000 - 0x00007ffdaa881000 	C:\windows\System32\kernel.appcore.dll
0x00007ffdab9b0000 - 0x00007ffdab9c7000 	C:\windows\System32\cryptsp.dll
0x00007ffd9e410000 - 0x00007ffd9e42a000 	C:\Users\azotz\AppData\Local\JetBrains\Toolbox\apps\AndroidStudio\ch-0\191.5900203\jre\jre\bin\net.dll
0x00007ffdaa000000 - 0x00007ffdaa067000 	C:\windows\system32\mswsock.dll
0x00007ffd9e3f0000 - 0x00007ffd9e401000 	C:\Users\azotz\AppData\Local\JetBrains\Toolbox\apps\AndroidStudio\ch-0\191.5900203\jre\jre\bin\nio.dll

VM Arguments:
java_command: org.jetbrains.kotlin.cli.jvm.K2JVMCompiler -Xallow-no-source-files -classpath C:\Users\azotz\.gradle\caches\modules-2\files-2.1\org.jetbrains.kotlin\kotlin-android-extensions-runtime\1.3.50\bec16087637a7cafe54894e73d38037977cb30d2\kotlin-android-extensions-runtime-1.3.50.jar;C:\Users\azotz\.gradle\caches\modules-2\files-2.1\org.jetbrains.kotlin\kotlin-stdlib-jdk7\1.3.50\50ad05ea1c2595fb31b800e76db464d08d599af3\kotlin-stdlib-jdk7-1.3.50.jar;C:\Users\azotz\.gradle\caches\transforms-2\files-2.1\5c88463d0eed036fcfa571f3d6410c54\core-ktx-1.0.2\jars\classes.jar;C:\Users\azotz\.gradle\caches\modules-2\files-2.1\org.jetbrains.kotlin\kotlin-stdlib\1.3.50\b529d1738c7e98bbfa36a4134039528f2ce78ebf\kotlin-stdlib-1.3.50.jar;C:\Users\azotz\.gradle\caches\modules-2\files-2.1\org.jetbrains.kotlin\kotlin-stdlib-common\1.3.50\3d9cd3e1bc7b92e95f43d45be3bfbcf38e36ab87\kotlin-stdlib-common-1.3.50.jar;C:\Users\azotz\.gradle\caches\modules-2\files-2.1\org.jetbrains\annotations\13.0\919f0dfe192fb4e063e7dacadee7f8bb9a2672a9\annotations-13.0.jar;C:\Users\azotz\.gradle\caches\transforms-2\files-2.1\0470387faa7b1080135cfdf1441459c6\appcompat-1.0.2\jars\classes.jar;C:\Users\azotz\.gradle\caches\transforms-2\files-2.1\1801da69ca4d841f67e142879daca426\recyclerview-1.0.0\jars\classes.jar;C:\Users\azotz\.gradle\caches\transforms-2\files-2.1\a212701f7570c3247cc53e08e1d559c1\fragment-1.0.0\jars\classes.jar;C:\Users\azotz\.gradle\caches\transforms-2\files-2.1\0abc2744afcd23f9a052a9675fa3f0dd\vectordrawable-animated-1.0.0\jars\classes.jar;C:\Users\azotz\.gradle\caches\transforms-2\files-2.1\9eca2d67ba16850252a0e8f7032d79d7\legacy-support-core-ui-1.0.0\jars\classes.jar;C:\Users\azotz\.gradle\caches\transforms-2\files-2.1\d6017a93f1c1bb53cc27a8296dc329c2\legacy-support-core-utils-1.0.0\jars\classes.jar;C:\Users\azotz\.gradle\caches\transforms-2\files-2.1\bccb270a7972e8832b9c2cce449235ef\vectordrawable-1.0.1\jars\classes.jar;C:\Users\azotz\.gradle\caches\transforms-2\files-2.1\569463a400f46
java_class_path (initial): C:\Users\azotz\.gradle\caches\modules-2\files-2.1\org.jetbrains.kotlin\kotlin-compiler-embeddable\1.3.50\1251c1768e5769b06c2487d6f6cf8acf6efb8960\kotlin-compiler-embeddable-1.3.50.jar;C:\Users\azotz\.gradle\caches\modules-2\files-2.1\org.jetbrains.kotlin\kotlin-reflect\1.3.50\b499f22fd7c3e9c2e5b6c4005221fa47fc7f9a7a\kotlin-reflect-1.3.50.jar;C:\Users\azotz\.gradle\caches\modules-2\files-2.1\org.jetbrains.kotlin\kotlin-stdlib\1.3.50\b529d1738c7e98bbfa36a4134039528f2ce78ebf\kotlin-stdlib-1.3.50.jar;C:\Users\azotz\.gradle\caches\modules-2\files-2.1\org.jetbrains.kotlin\kotlin-script-runtime\1.3.50\59492b8dfb92522ba0ddb5dd1c4d0ef0a4fca1af\kotlin-script-runtime-1.3.50.jar;C:\Users\azotz\.gradle\caches\modules-2\files-2.1\org.jetbrains.kotlin\kotlin-daemon-embeddable\1.3.50\5cb93bb33f4c6f833ead0beca4c831668e00cf52\kotlin-daemon-embeddable-1.3.50.jar;C:\Users\azotz\.gradle\caches\modules-2\files-2.1\org.jetbrains.intellij.deps\trove4j\1.0.20181211\216c2e14b070f334479d800987affe4054cd563f\trove4j-1.0.20181211.jar;C:\Users\azotz\.gradle\caches\modules-2\files-2.1\org.jetbrains.kotlin\kotlin-stdlib-common\1.3.50\3d9cd3e1bc7b92e95f43d45be3bfbcf38e36ab87\kotlin-stdlib-common-1.3.50.jar;C:\Users\azotz\.gradle\caches\modules-2\files-2.1\org.jetbrains\annotations\13.0\919f0dfe192fb4e063e7dacadee7f8bb9a2672a9\annotations-13.0.jar;C:\Users\azotz\AppData\Local\JetBrains\Toolbox\apps\AndroidStudio\ch-0\191.5900203\jre\lib\tools.jar
Launcher Type: SUN_STANDARD

Environment Variables:
PATH=C:\Program Files (x86)\Common Files\Oracle\Java\javapath;C:\windows\system32;C:\windows;C:\windows\System32\Wbem;C:\windows\System32\WindowsPowerShell\v1.0\;C:\windows\System32\OpenSSH\;C:\Program Files\Microsoft SQL Server\130\Tools\Binn\;C:\Program Files\OpenSSL-Win64\bin;C:\Program Files\nodejs\;C:\Program Files\graphviz-2.38\release\bin\dot.exe;C:\Program Files\Microsoft Baseline Security Analyzer 2;C:\Program Files\Git\cmd;C:\Users\azotz\AppData\Local\Programs\Python\Python37-32\Scripts\;C:\Users\azotz\AppData\Local\Programs\Python\Python37-32\;C:\Users\azotz\AppData\Local\Microsoft\WindowsApps;C:\Users\azotz\AppData\Roaming\npm;C:\Program Files\graphviz-2.38\release\bin;C:\Program Files\heroku\bin;C:\Users\azotz\AppData\Local\Android\Sdk\platform-tools;C:\adb;D:\MatlabR2019a\bin;C:\Users\azotz\AppData\Local\Programs\Python\Python37-32\Scripts\;C:\Users\azotz\AppData\Local\Programs\Python\Python37-32\;C:\Users\azotz\AppData\Local\Microsoft\WindowsApps;C:\Users\azotz\AppData\Roaming\npm;C:\Program Files\graphviz-2.38\release\bin;C:\Program Files\heroku\bin;C:\Users\azotz\AppData\Local\Android\Sdk\platform-tools;
USERNAME=azotz
OS=Windows_NT
PROCESSOR_IDENTIFIER=Intel64 Family 6 Model 78 Stepping 3, GenuineIntel



---------------  S Y S T E M  ---------------

OS: Windows 10.0 , 64 bit Build 18362 (10.0.18362.329)

CPU:total 4 (initial active 4) (2 cores per cpu, 2 threads per core) family 6 model 78 stepping 3, cmov, cx8, fxsr, mmx, sse, sse2, sse3, ssse3, sse4.1, sse4.2, popcnt, avx, avx2, aes, clmul, erms, 3dnowpref, lzcnt, ht, tsc, tscinvbit, bmi1, bmi2, adx

Memory: 4k page, physical 8261792k(822688k free), swap 8261792k(5436k free)

vm_info: OpenJDK 64-Bit Server VM (25.202-b03) for windows-amd64 JRE (1.8.0_202-release-1483-b03), built by "builder" with MS VC++ 10.0 (VS2010)

time: Thu Oct 10 18:17:40 2019
timezone: RTZ 2 (зима)
elapsed time: 3 seconds (0d 0h 0m 3s)

